<?xml version="1.0" encoding="UTF-8"?>
<!-- Generated by org.testng.reporters.JUnitXMLReporter -->
<testsuite hostname="DESKTOP-JR88C6M" ignored="0" name="Default test" tests="9" failures="0" timestamp="14 Jul 2023 17:59:09 GMT" time="1.131" errors="0">
  <testcase name="tc_1" time="0.052" classname="org.tng.Class3"/>
  <testcase name="tc_2" time="0.016" classname="org.tng.Class3"/>
  <testcase name="tc_3" time="0.343" classname="org.tng.Class3"/>
  <testcase name="tc_1" time="0.015" classname="org.tng.Class2"/>
  <testcase name="tc_2" time="0.016" classname="org.tng.Class2"/>
  <testcase name="tc_3" time="0.0" classname="org.tng.Class2"/>
  <testcase name="tc_1" time="0.016" classname="org.tng.Class1"/>
  <testcase name="tc_2" time="0.0" classname="org.tng.Class1"/>
  <testcase name="tc_3" time="0.0" classname="org.tng.Class1"/>
</testsuite> <!-- Default test -->
