<?xml version="1.0" encoding="UTF-8"?>
<!-- Generated by org.testng.reporters.JUnitXMLReporter -->
<testsuite hostname="DESKTOP-JR88C6M" ignored="3" name="Test" tests="6" failures="0" timestamp="14 Jul 2023 18:16:25 GMT" time="1.525" errors="0">
  <testcase name="tc_1" time="0.07" classname="org.tng.Class1"/>
  <testcase name="tc_3" time="0.016" classname="org.tng.Class1"/>
  <testcase name="tc_1" time="0.734" classname="org.tng.Class2"/>
  <testcase name="tc_3" time="0.031" classname="org.tng.Class2"/>
  <testcase name="tc_1" time="0.032" classname="org.tng.Class3"/>
  <testcase name="tc_3" time="0.016" classname="org.tng.Class3"/>
  <testcase name="tc_2" time="0.0" classname="org.tng.Class1">
    <ignored/>
  </testcase> <!-- tc_2 -->
  <testcase name="tc_2" time="0.0" classname="org.tng.Class3">
    <ignored/>
  </testcase> <!-- tc_2 -->
  <testcase name="tc_2" time="0.0" classname="org.tng.Class2">
    <ignored/>
  </testcase> <!-- tc_2 -->
</testsuite> <!-- Test -->
