<?xml version="1.0" encoding="UTF-8"?>
<testng-results skipped="0" failed="0" ignored="3" total="9" passed="6">
  <reporter-output>
  </reporter-output>
  <suite name="Suite" duration-ms="1525" started-at="2023-07-14T18:16:23Z" finished-at="2023-07-14T18:16:24Z">
    <groups>
    </groups>
    <test name="Test" duration-ms="1525" started-at="2023-07-14T18:16:23Z" finished-at="2023-07-14T18:16:24Z">
      <class name="org.tng.Class1">
        <test-method status="PASS" signature="tc_1()[pri:0, instance:org.tng.Class1@589838eb]" name="tc_1" duration-ms="70" started-at="2023-07-14T18:16:23Z" finished-at="2023-07-14T18:16:23Z">
          <reporter-output>
          </reporter-output>
        </test-method> <!-- tc_1 -->
        <test-method status="PASS" signature="tc_3()[pri:0, instance:org.tng.Class1@589838eb]" name="tc_3" duration-ms="16" started-at="2023-07-14T18:16:23Z" finished-at="2023-07-14T18:16:23Z">
          <reporter-output>
          </reporter-output>
        </test-method> <!-- tc_3 -->
      </class> <!-- org.tng.Class1 -->
      <class name="org.tng.Class2">
        <test-method status="PASS" signature="tc_1()[pri:0, instance:org.tng.Class2@42dafa95]" name="tc_1" duration-ms="734" started-at="2023-07-14T18:16:24Z" finished-at="2023-07-14T18:16:24Z">
          <reporter-output>
          </reporter-output>
        </test-method> <!-- tc_1 -->
        <test-method status="PASS" signature="tc_3()[pri:0, instance:org.tng.Class2@42dafa95]" name="tc_3" duration-ms="31" started-at="2023-07-14T18:16:24Z" finished-at="2023-07-14T18:16:24Z">
          <reporter-output>
          </reporter-output>
        </test-method> <!-- tc_3 -->
      </class> <!-- org.tng.Class2 -->
      <class name="org.tng.Class3">
        <test-method status="PASS" signature="tc_1()[pri:0, instance:org.tng.Class3@6500df86]" name="tc_1" duration-ms="32" started-at="2023-07-14T18:16:24Z" finished-at="2023-07-14T18:16:24Z">
          <reporter-output>
          </reporter-output>
        </test-method> <!-- tc_1 -->
        <test-method status="PASS" signature="tc_3()[pri:0, instance:org.tng.Class3@6500df86]" name="tc_3" duration-ms="16" started-at="2023-07-14T18:16:24Z" finished-at="2023-07-14T18:16:24Z">
          <reporter-output>
          </reporter-output>
        </test-method> <!-- tc_3 -->
      </class> <!-- org.tng.Class3 -->
    </test> <!-- Test -->
  </suite> <!-- Suite -->
</testng-results>
